Residues within 6 Å of unk:
Residue ID: 12, Residue Name: TYR
Residue ID: 54, Residue Name: VAL
Residue ID: 57, Residue Name: THR
Residue ID: 58, Residue Name: CYS
Residue ID: 59, Residue Name: LEU
Residue ID: 60, Residue Name: PRO
Residue ID: 61, Residue Name: ALA
Residue ID: 62, Residue Name: THR
Residue ID: 64, Residue Name: VAL
Residue ID: 65, Residue Name: VAL
Residue ID: 66, Residue Name: ASP
Residue ID: 71, Residue Name: TRP
Residue ID: 77, Residue Name: LEU
Residue ID: 78, Residue Name: CYS
Residue ID: 81, Residue Name: ILE
Residue ID: 82, Residue Name: PRO
Residue ID: 83, Residue Name: TYR
Residue ID: 84, Residue Name: LEU
Residue ID: 85, Residue Name: GLN
Residue ID: 86, Residue Name: THR
Residue ID: 89, Residue Name: VAL
Residue ID: 90, Residue Name: SER
Residue ID: 135, Residue Name: MET
Residue ID: 138, Residue Name: GLN
Residue ID: 141, Residue Name: VAL
Residue ID: 142, Residue Name: MET
Residue ID: 161, Residue Name: CYS
Residue ID: 162, Residue Name: ASP
Residue ID: 163, Residue Name: GLU
Residue ID: 174, Residue Name: TYR
Residue ID: 175, Residue Name: HIS
Residue ID: 178, Residue Name: PHE
Residue ID: 182, Residue Name: THR
Residue ID: 232, Residue Name: TYR
Residue ID: 235, Residue Name: ILE
Residue ID: 236, Residue Name: SER
Residue ID: 238, Residue Name: LEU
Residue ID: 239, Residue Name: ASN
Residue ID: 242, Residue Name: LYS
Residue ID: 254, Residue Name: ARG
Residue ID: 261, Residue Name: PHE
Residue ID: 264, Residue Name: SER
Residue ID: 265, Residue Name: HIS
Residue ID: 266, Residue Name: TRP
Residue ID: 268, Residue Name: VAL
Residue ID: 269, Residue Name: TYR
Residue numbers: [12, 54, 57, 58, 59, 60, 61, 62, 64, 65, 66, 71, 77, 78, 81, 82, 83, 84, 85, 86, 89, 90, 135, 138, 141, 142, 161, 162, 163, 174, 175, 178, 182, 232, 235, 236, 238, 239, 242, 254, 261, 264, 265, 266, 268, 269]
